2022-12-05 07:34:02,667:INFO:PyCaret Supervised Module
2022-12-05 07:34:02,668:INFO:ML Usecase: regression
2022-12-05 07:34:02,668:INFO:version 2.3.10
2022-12-05 07:34:02,669:INFO:Initializing setup()
2022-12-05 07:34:02,669:INFO:setup(target=nonViolPerPop, ml_usecase=regression, available_plots={'parameter': 'Hyperparameters', 'residuals': 'Residuals', 'error': 'Prediction Error', 'cooks': 'Cooks Distance', 'rfe': 'Feature Selection', 'learning': 'Learning Curve', 'manifold': 'Manifold Learning', 'vc': 'Validation Curve', 'feature': 'Feature Importance', 'feature_all': 'Feature Importance (All)', 'tree': 'Decision Tree', 'residuals_interactive': 'Interactive Residuals'}, train_size=0.7, test_data=None, preprocess=True, imputation_type=simple, iterative_imputation_iters=5, categorical_features=None, categorical_imputation=constant, categorical_iterative_imputer=lightgbm, ordinal_features=None, high_cardinality_features=None, high_cardinality_method=frequency, numeric_features=None, numeric_imputation=mean, numeric_iterative_imputer=lightgbm, date_features=None, ignore_features=None, normalize=False, normalize_method=zscore, transformation=False, transformation_method=yeo-johnson, handle_unknown_categorical=True, unknown_categorical_method=least_frequent, pca=False, pca_method=linear, pca_components=None, ignore_low_variance=False, combine_rare_levels=False, rare_level_threshold=0.1, bin_numeric_features=None, remove_outliers=False, outliers_threshold=0.05, remove_multicollinearity=False, multicollinearity_threshold=0.9, remove_perfect_collinearity=True, create_clusters=False, cluster_iter=20, polynomial_features=False, polynomial_degree=2, trigonometry_features=False, polynomial_threshold=0.1, group_features=None, group_names=None, feature_selection=False, feature_selection_threshold=0.8, feature_selection_method=classic, feature_interaction=False, feature_ratio=False, interaction_threshold=0.01, fix_imbalance=False, fix_imbalance_method=None, transform_target=False, transform_target_method=box-cox, data_split_shuffle=True, data_split_stratify=False, fold_strategy=kfold, fold=10, fold_shuffle=False, fold_groups=None, n_jobs=-1, use_gpu=False, custom_pipeline=None, html=True, session_id=None, log_experiment=False, experiment_name=None, experiment_custom_tags=None, log_plots=False, log_profile=False, log_data=False, silent=False, verbose=True, profile=False, profile_kwargs=None, display=None)
2022-12-05 07:34:02,670:INFO:Checking environment
2022-12-05 07:34:02,670:INFO:python_version: 3.9.13
2022-12-05 07:34:02,670:INFO:python_build: ('main', 'Aug 25 2022 23:51:50')
2022-12-05 07:34:02,671:INFO:machine: AMD64
2022-12-05 07:34:02,671:INFO:platform: Windows-10-10.0.19045-SP0
2022-12-05 07:34:02,671:INFO:Memory: svmem(total=34282242048, available=24811253760, percent=27.6, used=9470988288, free=24811253760)
2022-12-05 07:34:02,672:INFO:Physical Core: 8
2022-12-05 07:34:02,672:INFO:Logical Core: 16
2022-12-05 07:34:02,673:INFO:Checking libraries
2022-12-05 07:34:02,673:INFO:pd==1.4.4
2022-12-05 07:34:02,673:INFO:numpy==1.19.5
2022-12-05 07:34:02,674:INFO:sklearn==0.23.2
2022-12-05 07:34:02,674:INFO:lightgbm==3.3.3
2022-12-05 07:34:02,676:WARNING:catboost not found
2022-12-05 07:34:02,678:WARNING:xgboost not found
2022-12-05 07:34:02,678:INFO:mlflow==2.0.1
2022-12-05 07:34:02,678:INFO:Checking Exceptions
2022-12-05 07:34:02,679:INFO:Declaring global variables
2022-12-05 07:34:02,679:INFO:USI: 3966
2022-12-05 07:34:02,679:INFO:pycaret_globals: {'fold_groups_param_full', 'master_model_container', 'X_train', 'fold_shuffle_param', '_internal_pipeline', 'fix_imbalance_param', 'experiment__', 'y_test', 'stratify_param', 'fold_param', 'USI', 'imputation_classifier', 'X', 'X_test', 'create_model_container', '_all_metrics', 'dashboard_logger', 'log_plots_param', 'target_param', 'gpu_param', 'data_before_preprocess', 'fix_imbalance_method_param', 'pycaret_globals', 'iterative_imputation_iters_param', '_gpu_n_jobs_param', 'y', 'fold_generator', 'seed', 'transform_target_param', '_available_plots', 'imputation_regressor', 'prep_pipe', '_all_models_internal', 'html_param', 'n_jobs_param', 'logging_param', 'display_container', '_ml_usecase', 'fold_groups_param', 'transform_target_method_param', 'exp_name_log', '_all_models', 'y_train'}
2022-12-05 07:34:02,680:INFO:Preparing display monitor
2022-12-05 07:34:02,680:INFO:Preparing display monitor
2022-12-05 07:34:02,689:INFO:Importing libraries
2022-12-05 07:34:02,690:INFO:Copying data for preprocessing
2022-12-05 07:34:02,694:INFO:Declaring preprocessing parameters
2022-12-05 07:34:02,696:INFO:Creating preprocessing pipeline
2022-12-05 07:34:02,729:INFO:Preprocessing pipeline created successfully
2022-12-05 07:34:02,730:ERROR:(Process Exit): setup has been interupted with user command 'quit'. setup must rerun.
2022-12-05 07:34:02,730:INFO:Creating global containers
2022-12-05 07:34:02,732:INFO:Internal pipeline: Pipeline(memory=None, steps=[('empty_step', 'passthrough')], verbose=False)
2022-12-05 07:34:09,516:WARNING:Couldn't import xgboost.XGBRegressor
2022-12-05 07:34:09,517:WARNING:Couldn't import catboost.CatBoostRegressor
2022-12-05 07:34:09,599:WARNING:Couldn't import xgboost.XGBRegressor
2022-12-05 07:34:09,602:WARNING:Couldn't import catboost.CatBoostRegressor
2022-12-05 07:34:09,603:INFO:Creating grid variables
2022-12-05 07:34:09,618:INFO:create_model_container: 0
2022-12-05 07:34:09,619:INFO:master_model_container: 0
2022-12-05 07:34:09,620:INFO:display_container: 1
2022-12-05 07:34:09,626:INFO:Pipeline(memory=None,
         steps=[('dtypes',
                 DataTypes_Auto_infer(categorical_features=[],
                                      display_types=True, features_todrop=[],
                                      id_columns=[], ml_usecase='regression',
                                      numerical_features=[],
                                      target='nonViolPerPop',
                                      time_features=[])),
                ('imputer',
                 Simple_Imputer(categorical_strategy='not_available',
                                fill_value_categorical=None,
                                fill_value_numerical=None,
                                numeric_st...
                ('scaling', 'passthrough'), ('P_transform', 'passthrough'),
                ('binn', 'passthrough'), ('rem_outliers', 'passthrough'),
                ('cluster_all', 'passthrough'),
                ('dummy', Dummify(target='nonViolPerPop')),
                ('fix_perfect', Remove_100(target='nonViolPerPop')),
                ('clean_names', Clean_Colum_Names()),
                ('feature_select', 'passthrough'), ('fix_multi', 'passthrough'),
                ('dfs', 'passthrough'), ('pca', 'passthrough')],
         verbose=False)
2022-12-05 07:34:09,627:INFO:setup() succesfully completed......................................
2022-12-05 07:35:31,427:INFO:Initializing create_model()
2022-12-05 07:35:31,428:INFO:create_model(estimator=lr, fold=None, round=4, cross_validation=True, predict=True, fit_kwargs=None, groups=None, refit=True, verbose=True, system=True, metrics=None, experiment_custom_tags=None, add_to_model_list=True, probability_threshold=None, display=None, return_train_score=False, kwargs={})
2022-12-05 07:35:31,428:INFO:Checking exceptions
2022-12-05 07:35:31,428:INFO:Preparing display monitor
2022-12-05 07:35:31,438:INFO:Importing libraries
2022-12-05 07:35:31,439:INFO:Copying training dataset
2022-12-05 07:35:31,445:INFO:Defining folds
2022-12-05 07:35:31,445:INFO:Declaring metric variables
2022-12-05 07:35:31,450:INFO:Importing untrained model
2022-12-05 07:35:31,454:INFO:Linear Regression Imported succesfully
2022-12-05 07:35:31,462:INFO:Starting cross validation
2022-12-05 07:35:31,468:INFO:Cross validating with KFold(n_splits=10, random_state=None, shuffle=False), n_jobs=-1
2022-12-05 07:35:35,901:INFO:Calculating mean and std
2022-12-05 07:35:35,902:INFO:Creating metrics dataframe
2022-12-05 07:35:35,908:INFO:Finalizing model
2022-12-05 07:35:36,618:INFO:Uploading results into container
2022-12-05 07:35:36,618:INFO:Uploading model into container now
2022-12-05 07:35:36,623:INFO:create_model_container: 1
2022-12-05 07:35:36,624:INFO:master_model_container: 1
2022-12-05 07:35:36,624:INFO:display_container: 2
2022-12-05 07:35:36,624:INFO:LinearRegression(copy_X=True, fit_intercept=True, n_jobs=-1, normalize=False)
2022-12-05 07:35:36,625:INFO:create_model() succesfully completed......................................
2022-12-05 07:38:43,951:INFO:Initializing compare_models()
2022-12-05 07:38:43,952:INFO:compare_models(include=None, fold=None, round=4, cross_validation=True, sort=R2, n_select=1, budget_time=None, turbo=True, errors=ignore, fit_kwargs=None, groups=None, experiment_custom_tags=None, probability_threshold=None, verbose=True, display=None, exclude=None)
2022-12-05 07:38:43,952:INFO:Checking exceptions
2022-12-05 07:38:43,953:INFO:Preparing display monitor
2022-12-05 07:38:43,953:INFO:Preparing display monitor
2022-12-05 07:38:43,967:INFO:Initializing Linear Regression
2022-12-05 07:38:43,967:INFO:Total runtime is 0.0 minutes
2022-12-05 07:38:43,971:INFO:SubProcess create_model() called ==================================
2022-12-05 07:38:43,972:INFO:Initializing create_model()
2022-12-05 07:38:43,972:INFO:create_model(estimator=lr, fold=KFold(n_splits=10, random_state=None, shuffle=False), round=4, cross_validation=True, predict=True, fit_kwargs={}, groups=None, refit=False, verbose=False, system=False, metrics=None, experiment_custom_tags=None, add_to_model_list=True, probability_threshold=None, display=<pycaret.internal.Display.Display object at 0x0000029D0F273FD0>, return_train_score=False, kwargs={})
2022-12-05 07:38:43,973:INFO:Checking exceptions
2022-12-05 07:38:43,973:INFO:Importing libraries
2022-12-05 07:38:43,973:INFO:Copying training dataset
2022-12-05 07:38:43,978:INFO:Defining folds
2022-12-05 07:38:43,979:INFO:Declaring metric variables
2022-12-05 07:38:43,983:INFO:Importing untrained model
2022-12-05 07:38:43,987:INFO:Linear Regression Imported succesfully
2022-12-05 07:38:43,996:INFO:Starting cross validation
2022-12-05 07:38:43,997:INFO:Cross validating with KFold(n_splits=10, random_state=None, shuffle=False), n_jobs=-1
2022-12-05 07:38:46,434:INFO:Calculating mean and std
2022-12-05 07:38:46,435:INFO:Creating metrics dataframe
2022-12-05 07:38:46,439:INFO:Uploading results into container
2022-12-05 07:38:46,439:INFO:Uploading model into container now
2022-12-05 07:38:46,439:INFO:create_model_container: 2
2022-12-05 07:38:46,440:INFO:master_model_container: 2
2022-12-05 07:38:46,440:INFO:display_container: 3
2022-12-05 07:38:46,440:INFO:LinearRegression(copy_X=True, fit_intercept=True, n_jobs=-1, normalize=False)
2022-12-05 07:38:46,441:INFO:create_model() succesfully completed......................................
2022-12-05 07:38:46,567:INFO:SubProcess create_model() end ==================================
2022-12-05 07:38:46,568:INFO:Creating metrics dataframe
2022-12-05 07:38:46,573:INFO:Initializing Lasso Regression
2022-12-05 07:38:46,574:INFO:Total runtime is 0.04344985485076904 minutes
2022-12-05 07:38:46,578:INFO:SubProcess create_model() called ==================================
2022-12-05 07:38:46,579:INFO:Initializing create_model()
2022-12-05 07:38:46,579:INFO:create_model(estimator=lasso, fold=KFold(n_splits=10, random_state=None, shuffle=False), round=4, cross_validation=True, predict=True, fit_kwargs={}, groups=None, refit=False, verbose=False, system=False, metrics=None, experiment_custom_tags=None, add_to_model_list=True, probability_threshold=None, display=<pycaret.internal.Display.Display object at 0x0000029D0F273FD0>, return_train_score=False, kwargs={})
2022-12-05 07:38:46,580:INFO:Checking exceptions
2022-12-05 07:38:46,580:INFO:Importing libraries
2022-12-05 07:38:46,580:INFO:Copying training dataset
2022-12-05 07:38:46,585:INFO:Defining folds
2022-12-05 07:38:46,586:INFO:Declaring metric variables
2022-12-05 07:38:46,590:INFO:Importing untrained model
2022-12-05 07:38:46,594:INFO:Lasso Regression Imported succesfully
2022-12-05 07:38:46,602:INFO:Starting cross validation
2022-12-05 07:38:46,603:INFO:Cross validating with KFold(n_splits=10, random_state=None, shuffle=False), n_jobs=-1
2022-12-05 07:38:47,442:INFO:Calculating mean and std
2022-12-05 07:38:47,443:INFO:Creating metrics dataframe
2022-12-05 07:38:47,446:INFO:Uploading results into container
2022-12-05 07:38:47,447:INFO:Uploading model into container now
2022-12-05 07:38:47,447:INFO:create_model_container: 3
2022-12-05 07:38:47,447:INFO:master_model_container: 3
2022-12-05 07:38:47,448:INFO:display_container: 3
2022-12-05 07:38:47,448:INFO:Lasso(alpha=1.0, copy_X=True, fit_intercept=True, max_iter=1000,
      normalize=False, positive=False, precompute=False, random_state=7254,
      selection='cyclic', tol=0.0001, warm_start=False)
2022-12-05 07:38:47,449:INFO:create_model() succesfully completed......................................
2022-12-05 07:38:47,566:INFO:SubProcess create_model() end ==================================
2022-12-05 07:38:47,567:INFO:Creating metrics dataframe
2022-12-05 07:38:47,575:INFO:Initializing Ridge Regression
2022-12-05 07:38:47,575:INFO:Total runtime is 0.060144491990407306 minutes
2022-12-05 07:38:47,580:INFO:SubProcess create_model() called ==================================
2022-12-05 07:38:47,580:INFO:Initializing create_model()
2022-12-05 07:38:47,580:INFO:create_model(estimator=ridge, fold=KFold(n_splits=10, random_state=None, shuffle=False), round=4, cross_validation=True, predict=True, fit_kwargs={}, groups=None, refit=False, verbose=False, system=False, metrics=None, experiment_custom_tags=None, add_to_model_list=True, probability_threshold=None, display=<pycaret.internal.Display.Display object at 0x0000029D0F273FD0>, return_train_score=False, kwargs={})
2022-12-05 07:38:47,581:INFO:Checking exceptions
2022-12-05 07:38:47,581:INFO:Importing libraries
2022-12-05 07:38:47,581:INFO:Copying training dataset
2022-12-05 07:38:47,587:INFO:Defining folds
2022-12-05 07:38:47,587:INFO:Declaring metric variables
2022-12-05 07:38:47,591:INFO:Importing untrained model
2022-12-05 07:38:47,595:INFO:Ridge Regression Imported succesfully
2022-12-05 07:38:47,603:INFO:Starting cross validation
2022-12-05 07:38:47,604:INFO:Cross validating with KFold(n_splits=10, random_state=None, shuffle=False), n_jobs=-1
2022-12-05 07:38:48,507:INFO:Calculating mean and std
2022-12-05 07:38:48,508:INFO:Creating metrics dataframe
2022-12-05 07:38:48,511:INFO:Uploading results into container
2022-12-05 07:38:48,512:INFO:Uploading model into container now
2022-12-05 07:38:48,512:INFO:create_model_container: 4
2022-12-05 07:38:48,512:INFO:master_model_container: 4
2022-12-05 07:38:48,513:INFO:display_container: 3
2022-12-05 07:38:48,513:INFO:Ridge(alpha=1.0, copy_X=True, fit_intercept=True, max_iter=None,
      normalize=False, random_state=7254, solver='auto', tol=0.001)
2022-12-05 07:38:48,514:INFO:create_model() succesfully completed......................................
2022-12-05 07:38:48,628:INFO:SubProcess create_model() end ==================================
2022-12-05 07:38:48,628:INFO:Creating metrics dataframe
2022-12-05 07:38:48,635:INFO:Initializing Elastic Net
2022-12-05 07:38:48,636:INFO:Total runtime is 0.07781914472579957 minutes
2022-12-05 07:38:48,640:INFO:SubProcess create_model() called ==================================
2022-12-05 07:38:48,640:INFO:Initializing create_model()
2022-12-05 07:38:48,641:INFO:create_model(estimator=en, fold=KFold(n_splits=10, random_state=None, shuffle=False), round=4, cross_validation=True, predict=True, fit_kwargs={}, groups=None, refit=False, verbose=False, system=False, metrics=None, experiment_custom_tags=None, add_to_model_list=True, probability_threshold=None, display=<pycaret.internal.Display.Display object at 0x0000029D0F273FD0>, return_train_score=False, kwargs={})
2022-12-05 07:38:48,641:INFO:Checking exceptions
2022-12-05 07:38:48,641:INFO:Importing libraries
2022-12-05 07:38:48,642:INFO:Copying training dataset
2022-12-05 07:38:48,647:INFO:Defining folds
2022-12-05 07:38:48,647:INFO:Declaring metric variables
2022-12-05 07:38:48,651:INFO:Importing untrained model
2022-12-05 07:38:48,655:INFO:Elastic Net Imported succesfully
2022-12-05 07:38:48,664:INFO:Starting cross validation
2022-12-05 07:38:48,664:INFO:Cross validating with KFold(n_splits=10, random_state=None, shuffle=False), n_jobs=-1
2022-12-05 07:38:49,491:INFO:Calculating mean and std
2022-12-05 07:38:49,492:INFO:Creating metrics dataframe
2022-12-05 07:38:49,495:INFO:Uploading results into container
2022-12-05 07:38:49,496:INFO:Uploading model into container now
2022-12-05 07:38:49,496:INFO:create_model_container: 5
2022-12-05 07:38:49,496:INFO:master_model_container: 5
2022-12-05 07:38:49,497:INFO:display_container: 3
2022-12-05 07:38:49,497:INFO:ElasticNet(alpha=1.0, copy_X=True, fit_intercept=True, l1_ratio=0.5,
           max_iter=1000, normalize=False, positive=False, precompute=False,
           random_state=7254, selection='cyclic', tol=0.0001, warm_start=False)
2022-12-05 07:38:49,498:INFO:create_model() succesfully completed......................................
2022-12-05 07:38:49,617:INFO:SubProcess create_model() end ==================================
2022-12-05 07:38:49,617:INFO:Creating metrics dataframe
2022-12-05 07:38:49,624:INFO:Initializing Least Angle Regression
2022-12-05 07:38:49,624:INFO:Total runtime is 0.09429384072621663 minutes
2022-12-05 07:38:49,629:INFO:SubProcess create_model() called ==================================
2022-12-05 07:38:49,629:INFO:Initializing create_model()
2022-12-05 07:38:49,630:INFO:create_model(estimator=lar, fold=KFold(n_splits=10, random_state=None, shuffle=False), round=4, cross_validation=True, predict=True, fit_kwargs={}, groups=None, refit=False, verbose=False, system=False, metrics=None, experiment_custom_tags=None, add_to_model_list=True, probability_threshold=None, display=<pycaret.internal.Display.Display object at 0x0000029D0F273FD0>, return_train_score=False, kwargs={})
2022-12-05 07:38:49,630:INFO:Checking exceptions
2022-12-05 07:38:49,630:INFO:Importing libraries
2022-12-05 07:38:49,631:INFO:Copying training dataset
2022-12-05 07:38:49,636:INFO:Defining folds
2022-12-05 07:38:49,636:INFO:Declaring metric variables
2022-12-05 07:38:49,641:INFO:Importing untrained model
2022-12-05 07:38:49,645:INFO:Least Angle Regression Imported succesfully
2022-12-05 07:38:49,653:INFO:Starting cross validation
2022-12-05 07:38:49,653:INFO:Cross validating with KFold(n_splits=10, random_state=None, shuffle=False), n_jobs=-1
2022-12-05 07:38:50,227:INFO:Calculating mean and std
2022-12-05 07:38:50,228:INFO:Creating metrics dataframe
2022-12-05 07:38:50,231:INFO:Uploading results into container
2022-12-05 07:38:50,232:INFO:Uploading model into container now
2022-12-05 07:38:50,232:INFO:create_model_container: 6
2022-12-05 07:38:50,232:INFO:master_model_container: 6
2022-12-05 07:38:50,233:INFO:display_container: 3
2022-12-05 07:38:50,233:INFO:Lars(copy_X=True, eps=2.220446049250313e-16, fit_intercept=True, fit_path=True,
     jitter=None, n_nonzero_coefs=500, normalize=True, precompute='auto',
     random_state=7254, verbose=False)
2022-12-05 07:38:50,234:INFO:create_model() succesfully completed......................................
2022-12-05 07:38:50,355:INFO:SubProcess create_model() end ==================================
2022-12-05 07:38:50,355:INFO:Creating metrics dataframe
2022-12-05 07:38:50,363:INFO:Initializing Lasso Least Angle Regression
2022-12-05 07:38:50,363:INFO:Total runtime is 0.10660611788431804 minutes
2022-12-05 07:38:50,367:INFO:SubProcess create_model() called ==================================
2022-12-05 07:38:50,368:INFO:Initializing create_model()
2022-12-05 07:38:50,368:INFO:create_model(estimator=llar, fold=KFold(n_splits=10, random_state=None, shuffle=False), round=4, cross_validation=True, predict=True, fit_kwargs={}, groups=None, refit=False, verbose=False, system=False, metrics=None, experiment_custom_tags=None, add_to_model_list=True, probability_threshold=None, display=<pycaret.internal.Display.Display object at 0x0000029D0F273FD0>, return_train_score=False, kwargs={})
2022-12-05 07:38:50,369:INFO:Checking exceptions
2022-12-05 07:38:50,369:INFO:Importing libraries
2022-12-05 07:38:50,369:INFO:Copying training dataset
2022-12-05 07:38:50,375:INFO:Defining folds
2022-12-05 07:38:50,375:INFO:Declaring metric variables
2022-12-05 07:38:50,380:INFO:Importing untrained model
2022-12-05 07:38:50,384:INFO:Lasso Least Angle Regression Imported succesfully
2022-12-05 07:38:50,393:INFO:Starting cross validation
2022-12-05 07:38:50,394:INFO:Cross validating with KFold(n_splits=10, random_state=None, shuffle=False), n_jobs=-1
2022-12-05 07:38:50,580:INFO:Calculating mean and std
2022-12-05 07:38:50,583:INFO:Creating metrics dataframe
2022-12-05 07:38:50,590:INFO:Uploading results into container
2022-12-05 07:38:50,591:INFO:Uploading model into container now
2022-12-05 07:38:50,592:INFO:create_model_container: 7
2022-12-05 07:38:50,593:INFO:master_model_container: 7
2022-12-05 07:38:50,594:INFO:display_container: 3
2022-12-05 07:38:50,595:INFO:LassoLars(alpha=1.0, copy_X=True, eps=2.220446049250313e-16, fit_intercept=True,
          fit_path=True, jitter=None, max_iter=500, normalize=True,
          positive=False, precompute='auto', random_state=7254, verbose=False)
2022-12-05 07:38:50,596:INFO:create_model() succesfully completed......................................
2022-12-05 07:38:50,722:INFO:SubProcess create_model() end ==================================
2022-12-05 07:38:50,722:INFO:Creating metrics dataframe
2022-12-05 07:38:50,729:INFO:Initializing Orthogonal Matching Pursuit
2022-12-05 07:38:50,730:INFO:Total runtime is 0.11272894144058228 minutes
2022-12-05 07:38:50,734:INFO:SubProcess create_model() called ==================================
2022-12-05 07:38:50,735:INFO:Initializing create_model()
2022-12-05 07:38:50,736:INFO:create_model(estimator=omp, fold=KFold(n_splits=10, random_state=None, shuffle=False), round=4, cross_validation=True, predict=True, fit_kwargs={}, groups=None, refit=False, verbose=False, system=False, metrics=None, experiment_custom_tags=None, add_to_model_list=True, probability_threshold=None, display=<pycaret.internal.Display.Display object at 0x0000029D0F273FD0>, return_train_score=False, kwargs={})
2022-12-05 07:38:50,736:INFO:Checking exceptions
2022-12-05 07:38:50,736:INFO:Importing libraries
2022-12-05 07:38:50,737:INFO:Copying training dataset
2022-12-05 07:38:50,742:INFO:Defining folds
2022-12-05 07:38:50,742:INFO:Declaring metric variables
2022-12-05 07:38:50,746:INFO:Importing untrained model
2022-12-05 07:38:50,750:INFO:Orthogonal Matching Pursuit Imported succesfully
2022-12-05 07:38:50,758:INFO:Starting cross validation
2022-12-05 07:38:50,759:INFO:Cross validating with KFold(n_splits=10, random_state=None, shuffle=False), n_jobs=-1
2022-12-05 07:38:50,957:INFO:Calculating mean and std
2022-12-05 07:38:50,958:INFO:Creating metrics dataframe
2022-12-05 07:38:50,961:INFO:Uploading results into container
2022-12-05 07:38:50,962:INFO:Uploading model into container now
2022-12-05 07:38:50,962:INFO:create_model_container: 8
2022-12-05 07:38:50,962:INFO:master_model_container: 8
2022-12-05 07:38:50,963:INFO:display_container: 3
2022-12-05 07:38:50,963:INFO:OrthogonalMatchingPursuit(fit_intercept=True, n_nonzero_coefs=None,
                          normalize=True, precompute='auto', tol=None)
2022-12-05 07:38:50,963:INFO:create_model() succesfully completed......................................
2022-12-05 07:38:51,086:INFO:SubProcess create_model() end ==================================
2022-12-05 07:38:51,087:INFO:Creating metrics dataframe
2022-12-05 07:38:51,094:INFO:Initializing Bayesian Ridge
2022-12-05 07:38:51,094:INFO:Total runtime is 0.11879340012868246 minutes
2022-12-05 07:38:51,099:INFO:SubProcess create_model() called ==================================
2022-12-05 07:38:51,099:INFO:Initializing create_model()
2022-12-05 07:38:51,100:INFO:create_model(estimator=br, fold=KFold(n_splits=10, random_state=None, shuffle=False), round=4, cross_validation=True, predict=True, fit_kwargs={}, groups=None, refit=False, verbose=False, system=False, metrics=None, experiment_custom_tags=None, add_to_model_list=True, probability_threshold=None, display=<pycaret.internal.Display.Display object at 0x0000029D0F273FD0>, return_train_score=False, kwargs={})
2022-12-05 07:38:51,100:INFO:Checking exceptions
2022-12-05 07:38:51,100:INFO:Importing libraries
2022-12-05 07:38:51,101:INFO:Copying training dataset
2022-12-05 07:38:51,106:INFO:Defining folds
2022-12-05 07:38:51,106:INFO:Declaring metric variables
2022-12-05 07:38:51,110:INFO:Importing untrained model
2022-12-05 07:38:51,115:INFO:Bayesian Ridge Imported succesfully
2022-12-05 07:38:51,122:INFO:Starting cross validation
2022-12-05 07:38:51,123:INFO:Cross validating with KFold(n_splits=10, random_state=None, shuffle=False), n_jobs=-1
2022-12-05 07:40:06,645:INFO:Calculating mean and std
2022-12-05 07:40:06,646:INFO:Creating metrics dataframe
2022-12-05 07:40:06,649:INFO:Uploading results into container
2022-12-05 07:40:06,650:INFO:Uploading model into container now
2022-12-05 07:40:06,650:INFO:create_model_container: 9
2022-12-05 07:40:06,651:INFO:master_model_container: 9
2022-12-05 07:40:06,651:INFO:display_container: 3
2022-12-05 07:40:06,651:INFO:BayesianRidge(alpha_1=1e-06, alpha_2=1e-06, alpha_init=None,
              compute_score=False, copy_X=True, fit_intercept=True,
              lambda_1=1e-06, lambda_2=1e-06, lambda_init=None, n_iter=300,
              normalize=False, tol=0.001, verbose=False)
2022-12-05 07:40:06,652:INFO:create_model() succesfully completed......................................
2022-12-05 07:40:06,787:INFO:SubProcess create_model() end ==================================
2022-12-05 07:40:06,788:INFO:Creating metrics dataframe
2022-12-05 07:40:06,796:INFO:Initializing Passive Aggressive Regressor
2022-12-05 07:40:06,796:INFO:Total runtime is 1.3804941376050315 minutes
2022-12-05 07:40:06,800:INFO:SubProcess create_model() called ==================================
2022-12-05 07:40:06,801:INFO:Initializing create_model()
2022-12-05 07:40:06,801:INFO:create_model(estimator=par, fold=KFold(n_splits=10, random_state=None, shuffle=False), round=4, cross_validation=True, predict=True, fit_kwargs={}, groups=None, refit=False, verbose=False, system=False, metrics=None, experiment_custom_tags=None, add_to_model_list=True, probability_threshold=None, display=<pycaret.internal.Display.Display object at 0x0000029D0F273FD0>, return_train_score=False, kwargs={})
2022-12-05 07:40:06,801:INFO:Checking exceptions
2022-12-05 07:40:06,802:INFO:Importing libraries
2022-12-05 07:40:06,802:INFO:Copying training dataset
2022-12-05 07:40:06,807:INFO:Defining folds
2022-12-05 07:40:06,808:INFO:Declaring metric variables
2022-12-05 07:40:06,812:INFO:Importing untrained model
2022-12-05 07:40:06,816:INFO:Passive Aggressive Regressor Imported succesfully
2022-12-05 07:40:06,824:INFO:Starting cross validation
2022-12-05 07:40:06,825:INFO:Cross validating with KFold(n_splits=10, random_state=None, shuffle=False), n_jobs=-1
2022-12-05 07:40:07,261:INFO:Calculating mean and std
2022-12-05 07:40:07,262:INFO:Creating metrics dataframe
2022-12-05 07:40:07,265:INFO:Uploading results into container
2022-12-05 07:40:07,266:INFO:Uploading model into container now
2022-12-05 07:40:07,266:INFO:create_model_container: 10
2022-12-05 07:40:07,266:INFO:master_model_container: 10
2022-12-05 07:40:07,267:INFO:display_container: 3
2022-12-05 07:40:07,267:INFO:PassiveAggressiveRegressor(C=1.0, average=False, early_stopping=False,
                           epsilon=0.1, fit_intercept=True,
                           loss='epsilon_insensitive', max_iter=1000,
                           n_iter_no_change=5, random_state=7254, shuffle=True,
                           tol=0.001, validation_fraction=0.1, verbose=0,
                           warm_start=False)
2022-12-05 07:40:07,268:INFO:create_model() succesfully completed......................................
2022-12-05 07:40:07,390:INFO:SubProcess create_model() end ==================================
2022-12-05 07:40:07,391:INFO:Creating metrics dataframe
2022-12-05 07:40:07,399:INFO:Initializing Huber Regressor
2022-12-05 07:40:07,399:INFO:Total runtime is 1.3905327161153158 minutes
2022-12-05 07:40:07,403:INFO:SubProcess create_model() called ==================================
2022-12-05 07:40:07,404:INFO:Initializing create_model()
2022-12-05 07:40:07,404:INFO:create_model(estimator=huber, fold=KFold(n_splits=10, random_state=None, shuffle=False), round=4, cross_validation=True, predict=True, fit_kwargs={}, groups=None, refit=False, verbose=False, system=False, metrics=None, experiment_custom_tags=None, add_to_model_list=True, probability_threshold=None, display=<pycaret.internal.Display.Display object at 0x0000029D0F273FD0>, return_train_score=False, kwargs={})
2022-12-05 07:40:07,405:INFO:Checking exceptions
2022-12-05 07:40:07,405:INFO:Importing libraries
2022-12-05 07:40:07,405:INFO:Copying training dataset
2022-12-05 07:40:07,410:INFO:Defining folds
2022-12-05 07:40:07,411:INFO:Declaring metric variables
2022-12-05 07:40:07,415:INFO:Importing untrained model
2022-12-05 07:40:07,419:INFO:Huber Regressor Imported succesfully
2022-12-05 07:40:07,426:INFO:Starting cross validation
2022-12-05 07:40:07,427:INFO:Cross validating with KFold(n_splits=10, random_state=None, shuffle=False), n_jobs=-1
2022-12-05 07:40:19,379:INFO:Calculating mean and std
2022-12-05 07:40:19,380:INFO:Creating metrics dataframe
2022-12-05 07:40:19,383:INFO:Uploading results into container
2022-12-05 07:40:19,384:INFO:Uploading model into container now
2022-12-05 07:40:19,384:INFO:create_model_container: 11
2022-12-05 07:40:19,384:INFO:master_model_container: 11
2022-12-05 07:40:19,385:INFO:display_container: 3
2022-12-05 07:40:19,385:INFO:HuberRegressor(alpha=0.0001, epsilon=1.35, fit_intercept=True, max_iter=100,
               tol=1e-05, warm_start=False)
2022-12-05 07:40:19,385:INFO:create_model() succesfully completed......................................
2022-12-05 07:40:19,504:INFO:SubProcess create_model() end ==================================
2022-12-05 07:40:19,505:INFO:Creating metrics dataframe
2022-12-05 07:40:19,513:INFO:Initializing K Neighbors Regressor
2022-12-05 07:40:19,513:INFO:Total runtime is 1.5924415032068888 minutes
2022-12-05 07:40:19,518:INFO:SubProcess create_model() called ==================================
2022-12-05 07:40:19,518:INFO:Initializing create_model()
2022-12-05 07:40:19,519:INFO:create_model(estimator=knn, fold=KFold(n_splits=10, random_state=None, shuffle=False), round=4, cross_validation=True, predict=True, fit_kwargs={}, groups=None, refit=False, verbose=False, system=False, metrics=None, experiment_custom_tags=None, add_to_model_list=True, probability_threshold=None, display=<pycaret.internal.Display.Display object at 0x0000029D0F273FD0>, return_train_score=False, kwargs={})
2022-12-05 07:40:19,519:INFO:Checking exceptions
2022-12-05 07:40:19,520:INFO:Importing libraries
2022-12-05 07:40:19,520:INFO:Copying training dataset
2022-12-05 07:40:19,525:INFO:Defining folds
2022-12-05 07:40:19,526:INFO:Declaring metric variables
2022-12-05 07:40:19,530:INFO:Importing untrained model
2022-12-05 07:40:19,534:INFO:K Neighbors Regressor Imported succesfully
2022-12-05 07:40:19,542:INFO:Starting cross validation
2022-12-05 07:40:19,543:INFO:Cross validating with KFold(n_splits=10, random_state=None, shuffle=False), n_jobs=-1
2022-12-05 07:40:20,171:INFO:Calculating mean and std
2022-12-05 07:40:20,172:INFO:Creating metrics dataframe
2022-12-05 07:40:20,175:INFO:Uploading results into container
2022-12-05 07:40:20,175:INFO:Uploading model into container now
2022-12-05 07:40:20,176:INFO:create_model_container: 12
2022-12-05 07:40:20,176:INFO:master_model_container: 12
2022-12-05 07:40:20,177:INFO:display_container: 3
2022-12-05 07:40:20,177:INFO:KNeighborsRegressor(algorithm='auto', leaf_size=30, metric='minkowski',
                    metric_params=None, n_jobs=-1, n_neighbors=5, p=2,
                    weights='uniform')
2022-12-05 07:40:20,177:INFO:create_model() succesfully completed......................................
2022-12-05 07:40:20,293:INFO:SubProcess create_model() end ==================================
2022-12-05 07:40:20,294:INFO:Creating metrics dataframe
2022-12-05 07:40:20,302:INFO:Initializing Decision Tree Regressor
2022-12-05 07:40:20,302:INFO:Total runtime is 1.6055932283401488 minutes
2022-12-05 07:40:20,307:INFO:SubProcess create_model() called ==================================
2022-12-05 07:40:20,307:INFO:Initializing create_model()
2022-12-05 07:40:20,308:INFO:create_model(estimator=dt, fold=KFold(n_splits=10, random_state=None, shuffle=False), round=4, cross_validation=True, predict=True, fit_kwargs={}, groups=None, refit=False, verbose=False, system=False, metrics=None, experiment_custom_tags=None, add_to_model_list=True, probability_threshold=None, display=<pycaret.internal.Display.Display object at 0x0000029D0F273FD0>, return_train_score=False, kwargs={})
2022-12-05 07:40:20,308:INFO:Checking exceptions
2022-12-05 07:40:20,308:INFO:Importing libraries
2022-12-05 07:40:20,309:INFO:Copying training dataset
2022-12-05 07:40:20,314:INFO:Defining folds
2022-12-05 07:40:20,314:INFO:Declaring metric variables
2022-12-05 07:40:20,318:INFO:Importing untrained model
2022-12-05 07:40:20,323:INFO:Decision Tree Regressor Imported succesfully
2022-12-05 07:40:20,331:INFO:Starting cross validation
2022-12-05 07:40:20,332:INFO:Cross validating with KFold(n_splits=10, random_state=None, shuffle=False), n_jobs=-1
2022-12-05 07:40:20,633:INFO:Calculating mean and std
2022-12-05 07:40:20,634:INFO:Creating metrics dataframe
2022-12-05 07:40:20,637:INFO:Uploading results into container
2022-12-05 07:40:20,638:INFO:Uploading model into container now
2022-12-05 07:40:20,638:INFO:create_model_container: 13
2022-12-05 07:40:20,638:INFO:master_model_container: 13
2022-12-05 07:40:20,639:INFO:display_container: 3
2022-12-05 07:40:20,639:INFO:DecisionTreeRegressor(ccp_alpha=0.0, criterion='mse', max_depth=None,
                      max_features=None, max_leaf_nodes=None,
                      min_impurity_decrease=0.0, min_impurity_split=None,
                      min_samples_leaf=1, min_samples_split=2,
                      min_weight_fraction_leaf=0.0, presort='deprecated',
                      random_state=7254, splitter='best')
2022-12-05 07:40:20,640:INFO:create_model() succesfully completed......................................
2022-12-05 07:40:20,757:INFO:SubProcess create_model() end ==================================
2022-12-05 07:40:20,758:INFO:Creating metrics dataframe
2022-12-05 07:40:20,766:INFO:Initializing Random Forest Regressor
2022-12-05 07:40:20,766:INFO:Total runtime is 1.6133264740308124 minutes
2022-12-05 07:40:20,771:INFO:SubProcess create_model() called ==================================
2022-12-05 07:40:20,771:INFO:Initializing create_model()
2022-12-05 07:40:20,772:INFO:create_model(estimator=rf, fold=KFold(n_splits=10, random_state=None, shuffle=False), round=4, cross_validation=True, predict=True, fit_kwargs={}, groups=None, refit=False, verbose=False, system=False, metrics=None, experiment_custom_tags=None, add_to_model_list=True, probability_threshold=None, display=<pycaret.internal.Display.Display object at 0x0000029D0F273FD0>, return_train_score=False, kwargs={})
2022-12-05 07:40:20,772:INFO:Checking exceptions
2022-12-05 07:40:20,773:INFO:Importing libraries
2022-12-05 07:40:20,773:INFO:Copying training dataset
2022-12-05 07:40:20,778:INFO:Defining folds
2022-12-05 07:40:20,778:INFO:Declaring metric variables
2022-12-05 07:40:20,783:INFO:Importing untrained model
2022-12-05 07:40:20,787:INFO:Random Forest Regressor Imported succesfully
2022-12-05 07:40:20,795:INFO:Starting cross validation
2022-12-05 07:40:20,796:INFO:Cross validating with KFold(n_splits=10, random_state=None, shuffle=False), n_jobs=-1
2022-12-05 07:40:26,231:INFO:Calculating mean and std
2022-12-05 07:40:26,232:INFO:Creating metrics dataframe
2022-12-05 07:40:26,235:INFO:Uploading results into container
2022-12-05 07:40:26,236:INFO:Uploading model into container now
2022-12-05 07:40:26,236:INFO:create_model_container: 14
2022-12-05 07:40:26,236:INFO:master_model_container: 14
2022-12-05 07:40:26,237:INFO:display_container: 3
2022-12-05 07:40:26,237:INFO:RandomForestRegressor(bootstrap=True, ccp_alpha=0.0, criterion='mse',
                      max_depth=None, max_features='auto', max_leaf_nodes=None,
                      max_samples=None, min_impurity_decrease=0.0,
                      min_impurity_split=None, min_samples_leaf=1,
                      min_samples_split=2, min_weight_fraction_leaf=0.0,
                      n_estimators=100, n_jobs=-1, oob_score=False,
                      random_state=7254, verbose=0, warm_start=False)
2022-12-05 07:40:26,238:INFO:create_model() succesfully completed......................................
2022-12-05 07:40:26,356:INFO:SubProcess create_model() end ==================================
2022-12-05 07:40:26,357:INFO:Creating metrics dataframe
2022-12-05 07:40:26,365:INFO:Initializing Extra Trees Regressor
2022-12-05 07:40:26,366:INFO:Total runtime is 1.7066506346066792 minutes
2022-12-05 07:40:26,370:INFO:SubProcess create_model() called ==================================
2022-12-05 07:40:26,371:INFO:Initializing create_model()
2022-12-05 07:40:26,371:INFO:create_model(estimator=et, fold=KFold(n_splits=10, random_state=None, shuffle=False), round=4, cross_validation=True, predict=True, fit_kwargs={}, groups=None, refit=False, verbose=False, system=False, metrics=None, experiment_custom_tags=None, add_to_model_list=True, probability_threshold=None, display=<pycaret.internal.Display.Display object at 0x0000029D0F273FD0>, return_train_score=False, kwargs={})
2022-12-05 07:40:26,371:INFO:Checking exceptions
2022-12-05 07:40:26,372:INFO:Importing libraries
2022-12-05 07:40:26,372:INFO:Copying training dataset
2022-12-05 07:40:26,377:INFO:Defining folds
2022-12-05 07:40:26,378:INFO:Declaring metric variables
2022-12-05 07:40:26,382:INFO:Importing untrained model
2022-12-05 07:40:26,386:INFO:Extra Trees Regressor Imported succesfully
2022-12-05 07:40:26,394:INFO:Starting cross validation
2022-12-05 07:40:26,395:INFO:Cross validating with KFold(n_splits=10, random_state=None, shuffle=False), n_jobs=-1
2022-12-05 07:40:31,265:INFO:Calculating mean and std
2022-12-05 07:40:31,266:INFO:Creating metrics dataframe
2022-12-05 07:40:31,269:INFO:Uploading results into container
2022-12-05 07:40:31,270:INFO:Uploading model into container now
2022-12-05 07:40:31,270:INFO:create_model_container: 15
2022-12-05 07:40:31,270:INFO:master_model_container: 15
2022-12-05 07:40:31,271:INFO:display_container: 3
2022-12-05 07:40:31,271:INFO:ExtraTreesRegressor(bootstrap=False, ccp_alpha=0.0, criterion='mse',
                    max_depth=None, max_features='auto', max_leaf_nodes=None,
                    max_samples=None, min_impurity_decrease=0.0,
                    min_impurity_split=None, min_samples_leaf=1,
                    min_samples_split=2, min_weight_fraction_leaf=0.0,
                    n_estimators=100, n_jobs=-1, oob_score=False,
                    random_state=7254, verbose=0, warm_start=False)
2022-12-05 07:40:31,272:INFO:create_model() succesfully completed......................................
2022-12-05 07:40:31,394:INFO:SubProcess create_model() end ==================================
2022-12-05 07:40:31,395:INFO:Creating metrics dataframe
2022-12-05 07:40:31,404:INFO:Initializing AdaBoost Regressor
2022-12-05 07:40:31,404:INFO:Total runtime is 1.7906187852223714 minutes
2022-12-05 07:40:31,409:INFO:SubProcess create_model() called ==================================
2022-12-05 07:40:31,409:INFO:Initializing create_model()
2022-12-05 07:40:31,410:INFO:create_model(estimator=ada, fold=KFold(n_splits=10, random_state=None, shuffle=False), round=4, cross_validation=True, predict=True, fit_kwargs={}, groups=None, refit=False, verbose=False, system=False, metrics=None, experiment_custom_tags=None, add_to_model_list=True, probability_threshold=None, display=<pycaret.internal.Display.Display object at 0x0000029D0F273FD0>, return_train_score=False, kwargs={})
2022-12-05 07:40:31,410:INFO:Checking exceptions
2022-12-05 07:40:31,410:INFO:Importing libraries
2022-12-05 07:40:31,411:INFO:Copying training dataset
2022-12-05 07:40:31,416:INFO:Defining folds
2022-12-05 07:40:31,416:INFO:Declaring metric variables
2022-12-05 07:40:31,421:INFO:Importing untrained model
2022-12-05 07:40:31,425:INFO:AdaBoost Regressor Imported succesfully
2022-12-05 07:40:31,433:INFO:Starting cross validation
2022-12-05 07:40:31,434:INFO:Cross validating with KFold(n_splits=10, random_state=None, shuffle=False), n_jobs=-1
2022-12-05 07:40:34,109:INFO:Calculating mean and std
2022-12-05 07:40:34,110:INFO:Creating metrics dataframe
2022-12-05 07:40:34,113:INFO:Uploading results into container
2022-12-05 07:40:34,114:INFO:Uploading model into container now
2022-12-05 07:40:34,114:INFO:create_model_container: 16
2022-12-05 07:40:34,114:INFO:master_model_container: 16
2022-12-05 07:40:34,115:INFO:display_container: 3
2022-12-05 07:40:34,115:INFO:AdaBoostRegressor(base_estimator=None, learning_rate=1.0, loss='linear',
                  n_estimators=50, random_state=7254)
2022-12-05 07:40:34,116:INFO:create_model() succesfully completed......................................
2022-12-05 07:40:34,229:INFO:SubProcess create_model() end ==================================
2022-12-05 07:40:34,230:INFO:Creating metrics dataframe
2022-12-05 07:40:34,239:INFO:Initializing Gradient Boosting Regressor
2022-12-05 07:40:34,239:INFO:Total runtime is 1.8378758827845256 minutes
2022-12-05 07:40:34,243:INFO:SubProcess create_model() called ==================================
2022-12-05 07:40:34,244:INFO:Initializing create_model()
2022-12-05 07:40:34,244:INFO:create_model(estimator=gbr, fold=KFold(n_splits=10, random_state=None, shuffle=False), round=4, cross_validation=True, predict=True, fit_kwargs={}, groups=None, refit=False, verbose=False, system=False, metrics=None, experiment_custom_tags=None, add_to_model_list=True, probability_threshold=None, display=<pycaret.internal.Display.Display object at 0x0000029D0F273FD0>, return_train_score=False, kwargs={})
2022-12-05 07:40:34,244:INFO:Checking exceptions
2022-12-05 07:40:34,245:INFO:Importing libraries
2022-12-05 07:40:34,245:INFO:Copying training dataset
2022-12-05 07:40:34,250:INFO:Defining folds
2022-12-05 07:40:34,250:INFO:Declaring metric variables
2022-12-05 07:40:34,255:INFO:Importing untrained model
2022-12-05 07:40:34,259:INFO:Gradient Boosting Regressor Imported succesfully
2022-12-05 07:40:34,267:INFO:Starting cross validation
2022-12-05 07:40:34,267:INFO:Cross validating with KFold(n_splits=10, random_state=None, shuffle=False), n_jobs=-1
2022-12-05 07:40:39,056:INFO:Calculating mean and std
2022-12-05 07:40:39,057:INFO:Creating metrics dataframe
2022-12-05 07:40:39,061:INFO:Uploading results into container
2022-12-05 07:40:39,061:INFO:Uploading model into container now
2022-12-05 07:40:39,061:INFO:create_model_container: 17
2022-12-05 07:40:39,062:INFO:master_model_container: 17
2022-12-05 07:40:39,062:INFO:display_container: 3
2022-12-05 07:40:39,063:INFO:GradientBoostingRegressor(alpha=0.9, ccp_alpha=0.0, criterion='friedman_mse',
                          init=None, learning_rate=0.1, loss='ls', max_depth=3,
                          max_features=None, max_leaf_nodes=None,
                          min_impurity_decrease=0.0, min_impurity_split=None,
                          min_samples_leaf=1, min_samples_split=2,
                          min_weight_fraction_leaf=0.0, n_estimators=100,
                          n_iter_no_change=None, presort='deprecated',
                          random_state=7254, subsample=1.0, tol=0.0001,
                          validation_fraction=0.1, verbose=0, warm_start=False)
2022-12-05 07:40:39,063:INFO:create_model() succesfully completed......................................
2022-12-05 07:40:39,182:INFO:SubProcess create_model() end ==================================
2022-12-05 07:40:39,182:INFO:Creating metrics dataframe
2022-12-05 07:40:39,191:INFO:Initializing Light Gradient Boosting Machine
2022-12-05 07:40:39,192:INFO:Total runtime is 1.9204261382420857 minutes
2022-12-05 07:40:39,196:INFO:SubProcess create_model() called ==================================
2022-12-05 07:40:39,197:INFO:Initializing create_model()
2022-12-05 07:40:39,197:INFO:create_model(estimator=lightgbm, fold=KFold(n_splits=10, random_state=None, shuffle=False), round=4, cross_validation=True, predict=True, fit_kwargs={}, groups=None, refit=False, verbose=False, system=False, metrics=None, experiment_custom_tags=None, add_to_model_list=True, probability_threshold=None, display=<pycaret.internal.Display.Display object at 0x0000029D0F273FD0>, return_train_score=False, kwargs={})
2022-12-05 07:40:39,198:INFO:Checking exceptions
2022-12-05 07:40:39,198:INFO:Importing libraries
2022-12-05 07:40:39,198:INFO:Copying training dataset
2022-12-05 07:40:39,204:INFO:Defining folds
2022-12-05 07:40:39,204:INFO:Declaring metric variables
2022-12-05 07:40:39,208:INFO:Importing untrained model
2022-12-05 07:40:39,213:INFO:Light Gradient Boosting Machine Imported succesfully
2022-12-05 07:40:39,221:INFO:Starting cross validation
2022-12-05 07:40:39,222:INFO:Cross validating with KFold(n_splits=10, random_state=None, shuffle=False), n_jobs=-1
2022-12-05 07:40:40,998:INFO:Calculating mean and std
2022-12-05 07:40:40,999:INFO:Creating metrics dataframe
2022-12-05 07:40:41,003:INFO:Uploading results into container
2022-12-05 07:40:41,003:INFO:Uploading model into container now
2022-12-05 07:40:41,003:INFO:create_model_container: 18
2022-12-05 07:40:41,004:INFO:master_model_container: 18
2022-12-05 07:40:41,004:INFO:display_container: 3
2022-12-05 07:40:41,005:INFO:LGBMRegressor(boosting_type='gbdt', class_weight=None, colsample_bytree=1.0,
              importance_type='split', learning_rate=0.1, max_depth=-1,
              min_child_samples=20, min_child_weight=0.001, min_split_gain=0.0,
              n_estimators=100, n_jobs=-1, num_leaves=31, objective=None,
              random_state=7254, reg_alpha=0.0, reg_lambda=0.0, silent='warn',
              subsample=1.0, subsample_for_bin=200000, subsample_freq=0)
2022-12-05 07:40:41,005:INFO:create_model() succesfully completed......................................
2022-12-05 07:40:41,133:INFO:SubProcess create_model() end ==================================
2022-12-05 07:40:41,134:INFO:Creating metrics dataframe
2022-12-05 07:40:41,143:INFO:Initializing Dummy Regressor
2022-12-05 07:40:41,144:INFO:Total runtime is 1.9529602964719137 minutes
2022-12-05 07:40:41,148:INFO:SubProcess create_model() called ==================================
2022-12-05 07:40:41,149:INFO:Initializing create_model()
2022-12-05 07:40:41,149:INFO:create_model(estimator=dummy, fold=KFold(n_splits=10, random_state=None, shuffle=False), round=4, cross_validation=True, predict=True, fit_kwargs={}, groups=None, refit=False, verbose=False, system=False, metrics=None, experiment_custom_tags=None, add_to_model_list=True, probability_threshold=None, display=<pycaret.internal.Display.Display object at 0x0000029D0F273FD0>, return_train_score=False, kwargs={})
2022-12-05 07:40:41,150:INFO:Checking exceptions
2022-12-05 07:40:41,150:INFO:Importing libraries
2022-12-05 07:40:41,150:INFO:Copying training dataset
2022-12-05 07:40:41,156:INFO:Defining folds
2022-12-05 07:40:41,156:INFO:Declaring metric variables
2022-12-05 07:40:41,160:INFO:Importing untrained model
2022-12-05 07:40:41,164:INFO:Dummy Regressor Imported succesfully
2022-12-05 07:40:41,173:INFO:Starting cross validation
2022-12-05 07:40:41,173:INFO:Cross validating with KFold(n_splits=10, random_state=None, shuffle=False), n_jobs=-1
2022-12-05 07:40:41,329:INFO:Calculating mean and std
2022-12-05 07:40:41,330:INFO:Creating metrics dataframe
2022-12-05 07:40:41,333:INFO:Uploading results into container
2022-12-05 07:40:41,333:INFO:Uploading model into container now
2022-12-05 07:40:41,334:INFO:create_model_container: 19
2022-12-05 07:40:41,334:INFO:master_model_container: 19
2022-12-05 07:40:41,334:INFO:display_container: 3
2022-12-05 07:40:41,335:INFO:DummyRegressor(constant=None, quantile=None, strategy='mean')
2022-12-05 07:40:41,335:INFO:create_model() succesfully completed......................................
2022-12-05 07:40:41,451:INFO:SubProcess create_model() end ==================================
2022-12-05 07:40:41,452:INFO:Creating metrics dataframe
2022-12-05 07:40:41,470:INFO:Initializing create_model()
2022-12-05 07:40:41,470:INFO:create_model(estimator=Lasso(alpha=1.0, copy_X=True, fit_intercept=True, max_iter=1000,
      normalize=False, positive=False, precompute=False, random_state=7254,
      selection='cyclic', tol=0.0001, warm_start=False), fold=KFold(n_splits=10, random_state=None, shuffle=False), round=4, cross_validation=False, predict=False, fit_kwargs={}, groups=None, refit=True, verbose=False, system=False, metrics=None, experiment_custom_tags=None, add_to_model_list=True, probability_threshold=None, display=None, return_train_score=False, kwargs={})
2022-12-05 07:40:41,470:INFO:Checking exceptions
2022-12-05 07:40:41,471:INFO:Importing libraries
2022-12-05 07:40:41,471:INFO:Copying training dataset
2022-12-05 07:40:41,476:INFO:Defining folds
2022-12-05 07:40:41,476:INFO:Declaring metric variables
2022-12-05 07:40:41,477:INFO:Importing untrained model
2022-12-05 07:40:41,477:INFO:Declaring custom model
2022-12-05 07:40:41,478:INFO:Lasso Regression Imported succesfully
2022-12-05 07:40:41,478:INFO:Cross validation set to False
2022-12-05 07:40:41,478:INFO:Fitting Model
2022-12-05 07:40:41,874:INFO:Lasso(alpha=1.0, copy_X=True, fit_intercept=True, max_iter=1000,
      normalize=False, positive=False, precompute=False, random_state=7254,
      selection='cyclic', tol=0.0001, warm_start=False)
2022-12-05 07:40:41,874:INFO:create_models() succesfully completed......................................
2022-12-05 07:40:42,005:INFO:create_model_container: 19
2022-12-05 07:40:42,005:INFO:master_model_container: 19
2022-12-05 07:40:42,006:INFO:display_container: 3
2022-12-05 07:40:42,006:INFO:Lasso(alpha=1.0, copy_X=True, fit_intercept=True, max_iter=1000,
      normalize=False, positive=False, precompute=False, random_state=7254,
      selection='cyclic', tol=0.0001, warm_start=False)
2022-12-05 07:40:42,007:INFO:compare_models() succesfully completed......................................
2022-12-05 07:47:27,454:INFO:Initializing interpret_model()
2022-12-05 07:47:27,455:INFO:interpret_model(estimator=LinearRegression(copy_X=True, fit_intercept=True, n_jobs=-1, normalize=False), use_train_data=False, X_new_sample=None, y_new_sample=None, feature=None, kwargs={}, observation=None, plot=summary, save=False)
2022-12-05 07:47:27,455:INFO:Checking exceptions
2022-12-05 07:51:01,459:INFO:Initializing plot_model()
2022-12-05 07:51:01,460:INFO:plot_model(fold=None, use_train_data=False, verbose=True, is_in_evaluate=False, display=None, display_format=None, estimator=LinearRegression(copy_X=True, fit_intercept=True, n_jobs=-1, normalize=False), feature_name=None, fit_kwargs=None, groups=None, label=False, plot=residuals, plot_kwargs=None, save=False, scale=1, system=True)
2022-12-05 07:51:01,460:INFO:Checking exceptions
2022-12-05 07:51:01,460:INFO:Preparing display monitor
2022-12-05 07:51:01,465:INFO:Preloading libraries
2022-12-05 07:51:01,466:INFO:Copying training dataset
2022-12-05 07:51:01,471:INFO:Copying test dataset
2022-12-05 07:51:01,474:INFO:Plot type: residuals
2022-12-05 07:51:01,538:INFO:Fitting Model
2022-12-05 07:51:01,569:INFO:Scoring test/hold-out set
2022-12-05 07:51:01,920:INFO:Visual Rendered Successfully
2022-12-05 07:51:02,056:INFO:plot_model() succesfully completed......................................
2022-12-05 07:51:20,452:INFO:Initializing plot_model()
2022-12-05 07:51:20,452:INFO:plot_model(fold=None, use_train_data=False, verbose=True, is_in_evaluate=False, display=None, display_format=None, estimator=LinearRegression(copy_X=True, fit_intercept=True, n_jobs=-1, normalize=False), feature_name=None, fit_kwargs=None, groups=None, label=False, plot=error, plot_kwargs=None, save=False, scale=1, system=True)
2022-12-05 07:51:20,453:INFO:Checking exceptions
2022-12-05 07:51:20,453:INFO:Preparing display monitor
2022-12-05 07:51:20,457:INFO:Preloading libraries
2022-12-05 07:51:20,458:INFO:Copying training dataset
2022-12-05 07:51:20,463:INFO:Copying test dataset
2022-12-05 07:51:20,465:INFO:Plot type: error
2022-12-05 07:51:20,467:INFO:Fitting Model
2022-12-05 07:51:20,467:INFO:Scoring test/hold-out set
2022-12-05 07:51:20,611:INFO:Visual Rendered Successfully
2022-12-05 07:51:20,748:INFO:plot_model() succesfully completed......................................
